<?xml version="1.0" encoding="UTF-8"?>
<testng-results ignored="0" total="26" passed="26" failed="0" skipped="0">
  <reporter-output>
  </reporter-output>
  <suite started-at="2021-10-18T21:23:16 SGT" name="Default suite" finished-at="2021-10-18T21:24:05 SGT" duration-ms="48991">
    <groups>
      <group name="cucumber">
        <method signature="AbstractTestNGCucumberTests.runScenario(io.cucumber.testng.PickleWrapper,io.cucumber.testng.FeatureWrapper)[pri:0, instance:runner.CucumberRunner@70e9c95d]" name="runScenario" class="io.cucumber.testng.AbstractTestNGCucumberTests"/>
      </group> <!-- cucumber -->
    </groups>
    <test started-at="2021-10-18T21:23:16 SGT" name="Default test" finished-at="2021-10-18T21:24:05 SGT" duration-ms="48991">
      <class name="runner.CucumberRunner">
        <test-method is-config="true" signature="setUpClass()[pri:0, instance:runner.CucumberRunner@70e9c95d]" started-at="2021-10-18T21:23:16 SGT" name="setUpClass" finished-at="2021-10-18T21:23:17 SGT" duration-ms="522" status="PASS">
          <reporter-output>
          </reporter-output>
        </test-method> <!-- setUpClass -->
        <test-method signature="runScenario(io.cucumber.testng.PickleWrapper,io.cucumber.testng.FeatureWrapper)[pri:0, instance:runner.CucumberRunner@70e9c95d]" started-at="2021-10-18T21:23:17 SGT" name="runScenario" description="Runs Cucumber Scenarios" data-provider="scenarios" finished-at="2021-10-18T21:23:21 SGT" duration-ms="4644" status="PASS">
          <params>
            <param index="0">
              <value>
                <![CDATA["Positive case of Todo Application"]]>
              </value>
            </param>
            <param index="1">
              <value>
                <![CDATA["Optional[Launching Todo application to complete all tasks]"]]>
              </value>
            </param>
          </params>
          <reporter-output>
          </reporter-output>
        </test-method> <!-- runScenario -->
        <test-method signature="runScenario(io.cucumber.testng.PickleWrapper,io.cucumber.testng.FeatureWrapper)[pri:0, instance:runner.CucumberRunner@70e9c95d]" started-at="2021-10-18T21:23:21 SGT" name="runScenario" description="Runs Cucumber Scenarios" data-provider="scenarios" finished-at="2021-10-18T21:23:22 SGT" duration-ms="114" status="PASS">
          <params>
            <param index="0">
              <value>
                <![CDATA[""]]>
              </value>
            </param>
            <param index="1">
              <value>
                <![CDATA["Optional[Launching Todo application to complete all tasks]"]]>
              </value>
            </param>
          </params>
          <reporter-output>
          </reporter-output>
        </test-method> <!-- runScenario -->
        <test-method signature="runScenario(io.cucumber.testng.PickleWrapper,io.cucumber.testng.FeatureWrapper)[pri:0, instance:runner.CucumberRunner@70e9c95d]" started-at="2021-10-18T21:23:22 SGT" name="runScenario" description="Runs Cucumber Scenarios" data-provider="scenarios" finished-at="2021-10-18T21:23:22 SGT" duration-ms="126" status="PASS">
          <params>
            <param index="0">
              <value>
                <![CDATA[""]]>
              </value>
            </param>
            <param index="1">
              <value>
                <![CDATA["Optional[Launching Todo application to complete all tasks]"]]>
              </value>
            </param>
          </params>
          <reporter-output>
          </reporter-output>
        </test-method> <!-- runScenario -->
        <test-method signature="runScenario(io.cucumber.testng.PickleWrapper,io.cucumber.testng.FeatureWrapper)[pri:0, instance:runner.CucumberRunner@70e9c95d]" started-at="2021-10-18T21:23:22 SGT" name="runScenario" description="Runs Cucumber Scenarios" data-provider="scenarios" finished-at="2021-10-18T21:23:22 SGT" duration-ms="80" status="PASS">
          <params>
            <param index="0">
              <value>
                <![CDATA[""]]>
              </value>
            </param>
            <param index="1">
              <value>
                <![CDATA["Optional[Launching Todo application to complete all tasks]"]]>
              </value>
            </param>
          </params>
          <reporter-output>
          </reporter-output>
        </test-method> <!-- runScenario -->
        <test-method signature="runScenario(io.cucumber.testng.PickleWrapper,io.cucumber.testng.FeatureWrapper)[pri:0, instance:runner.CucumberRunner@70e9c95d]" started-at="2021-10-18T21:23:22 SGT" name="runScenario" description="Runs Cucumber Scenarios" data-provider="scenarios" finished-at="2021-10-18T21:23:22 SGT" duration-ms="65" status="PASS">
          <params>
            <param index="0">
              <value>
                <![CDATA[""]]>
              </value>
            </param>
            <param index="1">
              <value>
                <![CDATA["Optional[Launching Todo application to complete all tasks]"]]>
              </value>
            </param>
          </params>
          <reporter-output>
          </reporter-output>
        </test-method> <!-- runScenario -->
        <test-method signature="runScenario(io.cucumber.testng.PickleWrapper,io.cucumber.testng.FeatureWrapper)[pri:0, instance:runner.CucumberRunner@70e9c95d]" started-at="2021-10-18T21:23:22 SGT" name="runScenario" description="Runs Cucumber Scenarios" data-provider="scenarios" finished-at="2021-10-18T21:23:22 SGT" duration-ms="57" status="PASS">
          <params>
            <param index="0">
              <value>
                <![CDATA[""]]>
              </value>
            </param>
            <param index="1">
              <value>
                <![CDATA["Optional[Launching Todo application to complete all tasks]"]]>
              </value>
            </param>
          </params>
          <reporter-output>
          </reporter-output>
        </test-method> <!-- runScenario -->
        <test-method signature="runScenario(io.cucumber.testng.PickleWrapper,io.cucumber.testng.FeatureWrapper)[pri:0, instance:runner.CucumberRunner@70e9c95d]" started-at="2021-10-18T21:23:22 SGT" name="runScenario" description="Runs Cucumber Scenarios" data-provider="scenarios" finished-at="2021-10-18T21:23:22 SGT" duration-ms="87" status="PASS">
          <params>
            <param index="0">
              <value>
                <![CDATA[""]]>
              </value>
            </param>
            <param index="1">
              <value>
                <![CDATA["Optional[Launching Todo application to complete all tasks]"]]>
              </value>
            </param>
          </params>
          <reporter-output>
          </reporter-output>
        </test-method> <!-- runScenario -->
        <test-method signature="runScenario(io.cucumber.testng.PickleWrapper,io.cucumber.testng.FeatureWrapper)[pri:0, instance:runner.CucumberRunner@70e9c95d]" started-at="2021-10-18T21:23:22 SGT" name="runScenario" description="Runs Cucumber Scenarios" data-provider="scenarios" finished-at="2021-10-18T21:23:22 SGT" duration-ms="69" status="PASS">
          <params>
            <param index="0">
              <value>
                <![CDATA[""]]>
              </value>
            </param>
            <param index="1">
              <value>
                <![CDATA["Optional[Launching Todo application to complete all tasks]"]]>
              </value>
            </param>
          </params>
          <reporter-output>
          </reporter-output>
        </test-method> <!-- runScenario -->
        <test-method signature="runScenario(io.cucumber.testng.PickleWrapper,io.cucumber.testng.FeatureWrapper)[pri:0, instance:runner.CucumberRunner@70e9c95d]" started-at="2021-10-18T21:23:22 SGT" name="runScenario" description="Runs Cucumber Scenarios" data-provider="scenarios" finished-at="2021-10-18T21:23:22 SGT" duration-ms="194" status="PASS">
          <params>
            <param index="0">
              <value>
                <![CDATA["Verify All button"]]>
              </value>
            </param>
            <param index="1">
              <value>
                <![CDATA["Optional[Launching Todo application to complete all tasks]"]]>
              </value>
            </param>
          </params>
          <reporter-output>
          </reporter-output>
        </test-method> <!-- runScenario -->
        <test-method signature="runScenario(io.cucumber.testng.PickleWrapper,io.cucumber.testng.FeatureWrapper)[pri:0, instance:runner.CucumberRunner@70e9c95d]" started-at="2021-10-18T21:23:22 SGT" name="runScenario" description="Runs Cucumber Scenarios" data-provider="scenarios" finished-at="2021-10-18T21:23:26 SGT" duration-ms="4239" status="PASS">
          <params>
            <param index="0">
              <value>
                <![CDATA["Complete all assigned tasks"]]>
              </value>
            </param>
            <param index="1">
              <value>
                <![CDATA["Optional[Launching Todo application to complete all tasks]"]]>
              </value>
            </param>
          </params>
          <reporter-output>
          </reporter-output>
        </test-method> <!-- runScenario -->
        <test-method signature="runScenario(io.cucumber.testng.PickleWrapper,io.cucumber.testng.FeatureWrapper)[pri:0, instance:runner.CucumberRunner@70e9c95d]" started-at="2021-10-18T21:23:26 SGT" name="runScenario" description="Runs Cucumber Scenarios" data-provider="scenarios" finished-at="2021-10-18T21:23:31 SGT" duration-ms="4160" status="PASS">
          <params>
            <param index="0">
              <value>
                <![CDATA["Verify the completed items"]]>
              </value>
            </param>
            <param index="1">
              <value>
                <![CDATA["Optional[Launching Todo application to complete all tasks]"]]>
              </value>
            </param>
          </params>
          <reporter-output>
          </reporter-output>
        </test-method> <!-- runScenario -->
        <test-method signature="runScenario(io.cucumber.testng.PickleWrapper,io.cucumber.testng.FeatureWrapper)[pri:0, instance:runner.CucumberRunner@70e9c95d]" started-at="2021-10-18T21:23:31 SGT" name="runScenario" description="Runs Cucumber Scenarios" data-provider="scenarios" finished-at="2021-10-18T21:23:51 SGT" duration-ms="20099" status="PASS">
          <params>
            <param index="0">
              <value>
                <![CDATA["Check Active button after completing all the tasks"]]>
              </value>
            </param>
            <param index="1">
              <value>
                <![CDATA["Optional[Launching Todo application to complete all tasks]"]]>
              </value>
            </param>
          </params>
          <reporter-output>
          </reporter-output>
        </test-method> <!-- runScenario -->
        <test-method signature="runScenario(io.cucumber.testng.PickleWrapper,io.cucumber.testng.FeatureWrapper)[pri:0, instance:runner.CucumberRunner@70e9c95d]" started-at="2021-10-18T21:23:51 SGT" name="runScenario" description="Runs Cucumber Scenarios" data-provider="scenarios" finished-at="2021-10-18T21:23:51 SGT" duration-ms="111" status="PASS">
          <params>
            <param index="0">
              <value>
                <![CDATA["Check Clear completed button after completing the tasks"]]>
              </value>
            </param>
            <param index="1">
              <value>
                <![CDATA["Optional[Launching Todo application to complete all tasks]"]]>
              </value>
            </param>
          </params>
          <reporter-output>
          </reporter-output>
        </test-method> <!-- runScenario -->
        <test-method signature="runScenario(io.cucumber.testng.PickleWrapper,io.cucumber.testng.FeatureWrapper)[pri:0, instance:runner.CucumberRunner@70e9c95d]" started-at="2021-10-18T21:23:51 SGT" name="runScenario" description="Runs Cucumber Scenarios" data-provider="scenarios" finished-at="2021-10-18T21:23:53 SGT" duration-ms="1919" status="PASS">
          <params>
            <param index="0">
              <value>
                <![CDATA["Partial cmpletion of Tasks in Todo Application"]]>
              </value>
            </param>
            <param index="1">
              <value>
                <![CDATA["Optional[Launching Todo application to partially complete the task]"]]>
              </value>
            </param>
          </params>
          <reporter-output>
          </reporter-output>
        </test-method> <!-- runScenario -->
        <test-method signature="runScenario(io.cucumber.testng.PickleWrapper,io.cucumber.testng.FeatureWrapper)[pri:0, instance:runner.CucumberRunner@70e9c95d]" started-at="2021-10-18T21:23:53 SGT" name="runScenario" description="Runs Cucumber Scenarios" data-provider="scenarios" finished-at="2021-10-18T21:23:53 SGT" duration-ms="124" status="PASS">
          <params>
            <param index="0">
              <value>
                <![CDATA[""]]>
              </value>
            </param>
            <param index="1">
              <value>
                <![CDATA["Optional[Launching Todo application to partially complete the task]"]]>
              </value>
            </param>
          </params>
          <reporter-output>
          </reporter-output>
        </test-method> <!-- runScenario -->
        <test-method signature="runScenario(io.cucumber.testng.PickleWrapper,io.cucumber.testng.FeatureWrapper)[pri:0, instance:runner.CucumberRunner@70e9c95d]" started-at="2021-10-18T21:23:53 SGT" name="runScenario" description="Runs Cucumber Scenarios" data-provider="scenarios" finished-at="2021-10-18T21:23:53 SGT" duration-ms="115" status="PASS">
          <params>
            <param index="0">
              <value>
                <![CDATA[""]]>
              </value>
            </param>
            <param index="1">
              <value>
                <![CDATA["Optional[Launching Todo application to partially complete the task]"]]>
              </value>
            </param>
          </params>
          <reporter-output>
          </reporter-output>
        </test-method> <!-- runScenario -->
        <test-method signature="runScenario(io.cucumber.testng.PickleWrapper,io.cucumber.testng.FeatureWrapper)[pri:0, instance:runner.CucumberRunner@70e9c95d]" started-at="2021-10-18T21:23:53 SGT" name="runScenario" description="Runs Cucumber Scenarios" data-provider="scenarios" finished-at="2021-10-18T21:23:53 SGT" duration-ms="77" status="PASS">
          <params>
            <param index="0">
              <value>
                <![CDATA[""]]>
              </value>
            </param>
            <param index="1">
              <value>
                <![CDATA["Optional[Launching Todo application to partially complete the task]"]]>
              </value>
            </param>
          </params>
          <reporter-output>
          </reporter-output>
        </test-method> <!-- runScenario -->
        <test-method signature="runScenario(io.cucumber.testng.PickleWrapper,io.cucumber.testng.FeatureWrapper)[pri:0, instance:runner.CucumberRunner@70e9c95d]" started-at="2021-10-18T21:23:53 SGT" name="runScenario" description="Runs Cucumber Scenarios" data-provider="scenarios" finished-at="2021-10-18T21:23:53 SGT" duration-ms="52" status="PASS">
          <params>
            <param index="0">
              <value>
                <![CDATA[""]]>
              </value>
            </param>
            <param index="1">
              <value>
                <![CDATA["Optional[Launching Todo application to partially complete the task]"]]>
              </value>
            </param>
          </params>
          <reporter-output>
          </reporter-output>
        </test-method> <!-- runScenario -->
        <test-method signature="runScenario(io.cucumber.testng.PickleWrapper,io.cucumber.testng.FeatureWrapper)[pri:0, instance:runner.CucumberRunner@70e9c95d]" started-at="2021-10-18T21:23:53 SGT" name="runScenario" description="Runs Cucumber Scenarios" data-provider="scenarios" finished-at="2021-10-18T21:23:53 SGT" duration-ms="57" status="PASS">
          <params>
            <param index="0">
              <value>
                <![CDATA[""]]>
              </value>
            </param>
            <param index="1">
              <value>
                <![CDATA["Optional[Launching Todo application to partially complete the task]"]]>
              </value>
            </param>
          </params>
          <reporter-output>
          </reporter-output>
        </test-method> <!-- runScenario -->
        <test-method signature="runScenario(io.cucumber.testng.PickleWrapper,io.cucumber.testng.FeatureWrapper)[pri:0, instance:runner.CucumberRunner@70e9c95d]" started-at="2021-10-18T21:23:53 SGT" name="runScenario" description="Runs Cucumber Scenarios" data-provider="scenarios" finished-at="2021-10-18T21:23:53 SGT" duration-ms="73" status="PASS">
          <params>
            <param index="0">
              <value>
                <![CDATA[""]]>
              </value>
            </param>
            <param index="1">
              <value>
                <![CDATA["Optional[Launching Todo application to partially complete the task]"]]>
              </value>
            </param>
          </params>
          <reporter-output>
          </reporter-output>
        </test-method> <!-- runScenario -->
        <test-method signature="runScenario(io.cucumber.testng.PickleWrapper,io.cucumber.testng.FeatureWrapper)[pri:0, instance:runner.CucumberRunner@70e9c95d]" started-at="2021-10-18T21:23:53 SGT" name="runScenario" description="Runs Cucumber Scenarios" data-provider="scenarios" finished-at="2021-10-18T21:23:53 SGT" duration-ms="63" status="PASS">
          <params>
            <param index="0">
              <value>
                <![CDATA[""]]>
              </value>
            </param>
            <param index="1">
              <value>
                <![CDATA["Optional[Launching Todo application to partially complete the task]"]]>
              </value>
            </param>
          </params>
          <reporter-output>
          </reporter-output>
        </test-method> <!-- runScenario -->
        <test-method signature="runScenario(io.cucumber.testng.PickleWrapper,io.cucumber.testng.FeatureWrapper)[pri:0, instance:runner.CucumberRunner@70e9c95d]" started-at="2021-10-18T21:23:53 SGT" name="runScenario" description="Runs Cucumber Scenarios" data-provider="scenarios" finished-at="2021-10-18T21:23:53 SGT" duration-ms="160" status="PASS">
          <params>
            <param index="0">
              <value>
                <![CDATA["Verify All button"]]>
              </value>
            </param>
            <param index="1">
              <value>
                <![CDATA["Optional[Launching Todo application to partially complete the task]"]]>
              </value>
            </param>
          </params>
          <reporter-output>
          </reporter-output>
        </test-method> <!-- runScenario -->
        <test-method signature="runScenario(io.cucumber.testng.PickleWrapper,io.cucumber.testng.FeatureWrapper)[pri:0, instance:runner.CucumberRunner@70e9c95d]" started-at="2021-10-18T21:23:53 SGT" name="runScenario" description="Runs Cucumber Scenarios" data-provider="scenarios" finished-at="2021-10-18T21:23:56 SGT" duration-ms="2350" status="PASS">
          <params>
            <param index="0">
              <value>
                <![CDATA["Complete few assigned tasks"]]>
              </value>
            </param>
            <param index="1">
              <value>
                <![CDATA["Optional[Launching Todo application to partially complete the task]"]]>
              </value>
            </param>
          </params>
          <reporter-output>
          </reporter-output>
        </test-method> <!-- runScenario -->
        <test-method signature="runScenario(io.cucumber.testng.PickleWrapper,io.cucumber.testng.FeatureWrapper)[pri:0, instance:runner.CucumberRunner@70e9c95d]" started-at="2021-10-18T21:23:56 SGT" name="runScenario" description="Runs Cucumber Scenarios" data-provider="scenarios" finished-at="2021-10-18T21:24:00 SGT" duration-ms="4145" status="PASS">
          <params>
            <param index="0">
              <value>
                <![CDATA["Verify the completed items"]]>
              </value>
            </param>
            <param index="1">
              <value>
                <![CDATA["Optional[Launching Todo application to partially complete the task]"]]>
              </value>
            </param>
          </params>
          <reporter-output>
          </reporter-output>
        </test-method> <!-- runScenario -->
        <test-method signature="runScenario(io.cucumber.testng.PickleWrapper,io.cucumber.testng.FeatureWrapper)[pri:0, instance:runner.CucumberRunner@70e9c95d]" started-at="2021-10-18T21:24:00 SGT" name="runScenario" description="Runs Cucumber Scenarios" data-provider="scenarios" finished-at="2021-10-18T21:24:02 SGT" duration-ms="2158" status="PASS">
          <params>
            <param index="0">
              <value>
                <![CDATA["Check Active button after completing all the tasks"]]>
              </value>
            </param>
            <param index="1">
              <value>
                <![CDATA["Optional[Launching Todo application to partially complete the task]"]]>
              </value>
            </param>
          </params>
          <reporter-output>
          </reporter-output>
        </test-method> <!-- runScenario -->
        <test-method signature="runScenario(io.cucumber.testng.PickleWrapper,io.cucumber.testng.FeatureWrapper)[pri:0, instance:runner.CucumberRunner@70e9c95d]" started-at="2021-10-18T21:24:02 SGT" name="runScenario" description="Runs Cucumber Scenarios" data-provider="scenarios" finished-at="2021-10-18T21:24:02 SGT" duration-ms="160" status="PASS">
          <params>
            <param index="0">
              <value>
                <![CDATA["Check Clear completed button after completing the tasks"]]>
              </value>
            </param>
            <param index="1">
              <value>
                <![CDATA["Optional[Launching Todo application to partially complete the task]"]]>
              </value>
            </param>
          </params>
          <reporter-output>
          </reporter-output>
        </test-method> <!-- runScenario -->
        <test-method is-config="true" signature="tearDownClass()[pri:0, instance:runner.CucumberRunner@70e9c95d]" started-at="2021-10-18T21:24:02 SGT" name="tearDownClass" finished-at="2021-10-18T21:24:05 SGT" duration-ms="2893" status="PASS">
          <reporter-output>
          </reporter-output>
        </test-method> <!-- tearDownClass -->
      </class> <!-- runner.CucumberRunner -->
    </test> <!-- Default test -->
  </suite> <!-- Default suite -->
</testng-results>
